{
  "stats": {
    "suites": 2,
    "tests": 11,
    "passes": 3,
    "pending": 0,
    "failures": 8,
    "start": "2022-09-20T12:43:37.584Z",
    "end": "2022-09-20T12:45:26.102Z",
    "duration": 108518,
    "testsRegistered": 11,
    "passPercent": 27.27272727272727,
    "pendingPercent": 0,
    "other": 0,
    "hasOther": false,
    "skipped": 0,
    "hasSkipped": false
  },
  "results": [
    {
      "uuid": "bdc72e21-307b-4bad-befb-3dae906f736b",
      "title": "",
      "fullFile": "cypress\\e2e\\CRM\\Sidebar_tabs\\Profile\\Meeting_profile.cy.js",
      "file": "cypress\\e2e\\CRM\\Sidebar_tabs\\Profile\\Meeting_profile.cy.js",
      "beforeHooks": [],
      "afterHooks": [],
      "tests": [],
      "suites": [
        {
          "uuid": "7b8185fe-009f-4814-9799-0be59a988043",
          "title": "Создание встречи",
          "fullFile": "",
          "file": "",
          "beforeHooks": [],
          "afterHooks": [],
          "tests": [
            {
              "title": "СОздание встречи",
              "fullTitle": "Создание встречи СОздание встречи",
              "timedOut": null,
              "duration": 27040,
              "state": "passed",
              "speed": "slow",
              "pass": true,
              "fail": false,
              "pending": false,
              "context": null,
              "code": "cy.log('Заходим на сайт');\ncy.visit('https://beta.crm.trueconf.com');\ncy.log('Открываем карточку \"Встречи\"');\ncy.get('.glyphicon-glass.span-align').click();\ncy.log('Нажимаем \"Добавить встречу\"');\ncy.xpath('//*[@id=\"wrapper\"]/div/div/div[2]/div[1]/div[1]/button').click().wait(5000);\ncy.log('Вводим название встречи');\ncy.xpath('/html/body/div[2]/div/div/div/div[2]/form/div[1]/div[1]/div/input').type(meeting_name);\ncy.log('Выбираем компанию');\ncy.xpath('//*[@id=\"form\"]/div[1]/div[2]/div/input[1]').type('Samokhin_Test_Company').wait(4000).type('{downarrow}').type('{enter}').should('have.value', 'Samokhin_Test_Company').wait(2000);\ncy.log('Вводим адрес');\ncy.xpath('//*[@id=\"address\"]').type('Тестилище');\ncy.log('Вводим ыель встречи');\ncy.xpath('//*[@id=\"purpose\"]').type('Желание переехать');\ncy.log('Нажимаем \"Сохранить\"');\ncy.xpath('//*[@id=\"form\"]/div[2]/button').click().wait(5000);",
              "err": {},
              "uuid": "cddd27ac-b99b-46a5-afed-e8ea1b4ea84c",
              "parentUUID": "7b8185fe-009f-4814-9799-0be59a988043",
              "isHook": false,
              "skipped": false
            }
          ],
          "suites": [],
          "passes": [
            "cddd27ac-b99b-46a5-afed-e8ea1b4ea84c"
          ],
          "failures": [],
          "pending": [],
          "skipped": [],
          "duration": 27040,
          "root": false,
          "rootEmpty": false,
          "_timeout": 2000
        },
        {
          "uuid": "21ace318-e9c3-4c0c-9b3a-bed6e6e68ba2",
          "title": "Профили встречь",
          "fullFile": "",
          "file": "",
          "beforeHooks": [],
          "afterHooks": [],
          "tests": [
            {
              "title": "Найти и изменить название встречи",
              "fullTitle": "Профили встречь Найти и изменить название встречи",
              "timedOut": null,
              "duration": 17987,
              "state": "passed",
              "speed": "slow",
              "pass": true,
              "fail": false,
              "pending": false,
              "context": null,
              "code": "cy.log('Открываем встречу');\ncy.contains(meeting_name).click().wait(5000);\ncy.log('Проверяем наличие названия встречи');\ncy.xpath('//*[@id=\"wrapper\"]/div/div/div[2]/div/form/table/tbody/tr[1]/td[2]/div').should('have.class', 'react-div').should('have.contain', meeting_name);\ncy.log('Нажимаем \"Редактировать\" название');\ncy.xpath('//*[@id=\"wrapper\"]/div/div/div[2]/div/form/table/tbody/tr[1]/td[2]/div/i').click({\n  force: true\n});\ncy.log('Вводим новое название');\ncy.xpath('//*[@id=\"wrapper\"]/div/div/div[2]/div/form/table/tbody/tr[1]/td[2]/div/input').click().clear().type(new_name);\ncy.log('Вводим \"Примечание\" перед сохранением');\ncy.xpath('//*[@id=\"wrapper\"]/div/div/div[2]/div/form/div/input[1]').type('12345');\ncy.log('Нажимаем \"Сохранить\"');\ncy.xpath('//*[@id=\"wrapper\"]/div/div/div[2]/div/form/div/input[2]').click().wait(5000);\ncy.log('Проверяем, что название изменилось');\ncy.xpath('//*[@id=\"wrapper\"]/div/div/div[2]/div/form/table/tbody/tr[1]/td[2]/div').should('have.contain', new_name);",
              "err": {},
              "uuid": "7f710381-5a14-468c-b8de-d68f3473919d",
              "parentUUID": "21ace318-e9c3-4c0c-9b3a-bed6e6e68ba2",
              "isHook": false,
              "skipped": false
            },
            {
              "title": "find/change goal",
              "fullTitle": "Профили встречь find/change goal",
              "timedOut": null,
              "duration": 17293,
              "state": "passed",
              "speed": "slow",
              "pass": true,
              "fail": false,
              "pending": false,
              "context": null,
              "code": "cy.log('Открываем встречу');\ncy.contains(new_name).click().wait(5000);\ncy.log('Проверяем наличие цели');\ncy.xpath('//*[@id=\"wrapper\"]/div/div/div[2]/div/form/table/tbody/tr[2]/td[2]/div').should('have.class', 'react-div');\ncy.log('Нажимаем \"Редактировать\" цель');\ncy.xpath('//*[@id=\"wrapper\"]/div/div/div[2]/div/form/table/tbody/tr[2]/td[2]/div/i').click({\n  force: true\n});\ncy.log('Вводим новую цель');\ncy.xpath('/html/body/div[1]/div/div/div[2]/div/form/table/tbody/tr[2]/td[2]/div/textarea').click().clear().type('Новая цель');\ncy.log('Вводим \"Примечание\" перед сохранением');\ncy.xpath('//*[@id=\"wrapper\"]/div/div/div[2]/div/form/div/input[1]').type('12345');\ncy.log('Нажимаем \"Сохранить\"');\ncy.xpath('//*[@id=\"wrapper\"]/div/div/div[2]/div/form/div/input[2]').click().wait(5000);\ncy.log('Проверяем, что wtkm изменилась');\ncy.xpath('//*[@id=\"wrapper\"]/div/div/div[2]/div/form/table/tbody/tr[2]/td[2]/div').should('have.contain', 'Новая цель');",
              "err": {},
              "uuid": "e5a1aa00-9773-4f92-9a8f-7f4485be1adf",
              "parentUUID": "21ace318-e9c3-4c0c-9b3a-bed6e6e68ba2",
              "isHook": false,
              "skipped": false
            },
            {
              "title": "find/change status",
              "fullTitle": "Профили встречь find/change status",
              "timedOut": null,
              "duration": 6404,
              "state": "failed",
              "speed": null,
              "pass": false,
              "fail": true,
              "pending": false,
              "context": null,
              "code": "cy.log('Открываем встреву');\ncy.xpath('//*[@id=\"table\"]/tr[1]/td[1]/a').click();\ncy.log('Проверяем наличие поля выбора статуса');\ncy.xpath('//*[@id=\"wrapper\"]/div/div/div[2]/div/form/table/tbody/tr[3]/td[2]/div').should('have.class', 'react-div');\ncy.xpath('//*[@id=\"wrapper\"]/div/div/div[2]/div/form/table/tbody/tr[3]/td[2]/div/span').click({\n  force: true\n});\ncy.find('//*[@id=\"status\"]').click().select('accepted');\ncy.xpath('//*[@id=\"wrapper\"]/div/div/div[2]/div/form/div/input[1]').type('12345');\ncy.xpath('//*[@id=\"wrapper\"]/div/div/div[2]/div/form/div/input[2]').click().wait(5000);\ncy.xpath('//*[@id=\"wrapper\"]/div/div/div[2]/div/form/table/tbody/tr[3]/td[2]/div').should('have.value', 'accepted');",
              "err": {
                "message": "CypressError: Oops, it looks like you are trying to call a child command before running a parent command.\n\nYou wrote code that looks like this:\n\n``cy.find(\"//*[@id=\"status\"]\")``\n\nA child command must be chained after a parent because it operates on a previous subject.\n\nFor example - if we were issuing the child command `click`...\n\ncy\n  .get('button') // parent command must come first\n  .click()       // then child command comes second",
                "estack": "CypressError: Oops, it looks like you are trying to call a child command before running a parent command.\n\nYou wrote code that looks like this:\n\n``cy.find(\"//*[@id=\"status\"]\")``\n\nA child command must be chained after a parent because it operates on a previous subject.\n\nFor example - if we were issuing the child command `click`...\n\ncy\n  .get('button') // parent command must come first\n  .click()       // then child command comes second\n    at $Cy.pushSubjectAndValidate (https://beta.crm.trueconf.com/__cypress/runner/cypress_runner.js:172450:70)\n    at Context.<anonymous> (https://beta.crm.trueconf.com/__cypress/runner/cypress_runner.js:171964:19)\nFrom Your Spec Code:\n    at Context.eval (https://beta.crm.trueconf.com/__cypress/tests?p=cypress\\e2e\\CRM\\Sidebar_tabs\\Profile\\Meeting_profile.cy.js:176:8)",
                "diff": null
              },
              "uuid": "665b8f0e-85cf-442c-b0b1-c968655b768f",
              "parentUUID": "21ace318-e9c3-4c0c-9b3a-bed6e6e68ba2",
              "isHook": false,
              "skipped": false
            },
            {
              "title": "find/change adresses",
              "fullTitle": "Профили встречь find/change adresses",
              "timedOut": null,
              "duration": 6754,
              "state": "failed",
              "speed": null,
              "pass": false,
              "fail": true,
              "pending": false,
              "context": null,
              "code": "cy.xpath('//*[@id=\"wrapper\"]/div/div/div[2]/div/form/table/tbody/tr[4]/td[2]/div').should('have.class', 'react-div');\ncy.xpath('//*[@id=\"wrapper\"]/div/div/div[2]/div/form/table/tbody/tr[4]/td[2]/div/i').click({\n  force: true\n});\ncy.xpath('//*[@id=\"wrapper\"]/div/div/div[2]/div/form/table/tbody/tr[4]/td[2]/div/input').click().clear().type('55555');\ncy.xpath('//*[@id=\"wrapper\"]/div/div/div[2]/div/form/div/input[1]').type('12345');\ncy.xpath('//*[@id=\"wrapper\"]/div/div/div[2]/div/form/div/input[2]').click().wait(5000);\ncy.xpath('//*[@id=\"wrapper\"]/div/div/div[2]/div/form/table/tbody/tr[4]/td[2]/div').should('have.contain', '55555');",
              "err": {
                "message": "AssertionError: Timed out retrying after 4000ms: Expected to find element: `//*[@id=\"wrapper\"]/div/div/div[2]/div/form/table/tbody/tr[4]/td[2]/div`, but never found it.",
                "estack": "AssertionError: Timed out retrying after 4000ms: Expected to find element: `//*[@id=\"wrapper\"]/div/div/div[2]/div/form/table/tbody/tr[4]/td[2]/div`, but never found it.\n    at Context.eval (https://beta.crm.trueconf.com/__cypress/tests?p=cypress\\e2e\\CRM\\Sidebar_tabs\\Profile\\Meeting_profile.cy.js:183:88)",
                "diff": null
              },
              "uuid": "ed6e4e4b-c095-4c7e-b2dd-5e8bb552ef66",
              "parentUUID": "21ace318-e9c3-4c0c-9b3a-bed6e6e68ba2",
              "isHook": false,
              "skipped": false
            },
            {
              "title": "find/change result",
              "fullTitle": "Профили встречь find/change result",
              "timedOut": null,
              "duration": 6765,
              "state": "failed",
              "speed": null,
              "pass": false,
              "fail": true,
              "pending": false,
              "context": null,
              "code": "cy.xpath('//*[@id=\"wrapper\"]/div/div/div[2]/div/form/table/tbody/tr[5]/td[2]/div').should('have.class', 'react-div');\ncy.xpath('//*[@id=\"wrapper\"]/div/div/div[2]/div/form/table/tbody/tr[5]/td[2]/div/i').click({\n  force: true\n});\ncy.xpath('//*[@id=\"wrapper\"]/div/div/div[2]/div/form/table/tbody/tr[5]/td[2]/div/textarea').click().type('55555');\ncy.xpath('//*[@id=\"wrapper\"]/div/div/div[2]/div/form/div/input[1]').type('12345');\ncy.xpath('//*[@id=\"wrapper\"]/div/div/div[2]/div/form/div/input[2]').click().wait(5000);\ncy.xpath('//*[@id=\"wrapper\"]/div/div/div[2]/div/form/table/tbody/tr[5]/td[2]/div').should('have.contain', '55555');",
              "err": {
                "message": "AssertionError: Timed out retrying after 4000ms: Expected to find element: `//*[@id=\"wrapper\"]/div/div/div[2]/div/form/table/tbody/tr[5]/td[2]/div`, but never found it.",
                "estack": "AssertionError: Timed out retrying after 4000ms: Expected to find element: `//*[@id=\"wrapper\"]/div/div/div[2]/div/form/table/tbody/tr[5]/td[2]/div`, but never found it.\n    at Context.eval (https://beta.crm.trueconf.com/__cypress/tests?p=cypress\\e2e\\CRM\\Sidebar_tabs\\Profile\\Meeting_profile.cy.js:194:88)",
                "diff": null
              },
              "uuid": "32554e81-293f-4335-8697-7cfbaf696cf0",
              "parentUUID": "21ace318-e9c3-4c0c-9b3a-bed6e6e68ba2",
              "isHook": false,
              "skipped": false
            },
            {
              "title": "find/change company",
              "fullTitle": "Профили встречь find/change company",
              "timedOut": null,
              "duration": 7289,
              "state": "failed",
              "speed": null,
              "pass": false,
              "fail": true,
              "pending": false,
              "context": null,
              "code": "cy.xpath('//*[@id=\"wrapper\"]/div/div/div[2]/div/form/table/tbody/tr[6]/td[2]/div').should('have.class', 'react-div');\ncy.xpath('//*[@id=\"wrapper\"]/div/div/div[2]/div/form/table/tbody/tr[6]/td[2]/div/i').click({\n  force: true\n});\ncy.xpath('//*[@id=\"wrapper\"]/div/div/div[2]/div/form/table/tbody/tr[6]/td[2]/div/input[1]').clear({\n  force: true\n}).type('Kuzubov AUTOTEST').wait(3000).type('{downarrow}').type('{enter}').should('have.value', 'Kuzubov AUTOTEST');\ncy.xpath('//*[@id=\"wrapper\"]/div/div/div[2]/div/form/div/input[1]').type('12345');\ncy.xpath('//*[@id=\"wrapper\"]/div/div/div[2]/div/form/div/input[2]').click().wait(5000);\ncy.xpath('//*[@id=\"wrapper\"]/div/div/div[2]/div/form/table/tbody/tr[6]/td[2]/div').should('have.contain', 'Kuzubov AUTOTEST');",
              "err": {
                "message": "AssertionError: Timed out retrying after 4000ms: Expected to find element: `//*[@id=\"wrapper\"]/div/div/div[2]/div/form/table/tbody/tr[6]/td[2]/div`, but never found it.",
                "estack": "AssertionError: Timed out retrying after 4000ms: Expected to find element: `//*[@id=\"wrapper\"]/div/div/div[2]/div/form/table/tbody/tr[6]/td[2]/div`, but never found it.\n    at Context.eval (https://beta.crm.trueconf.com/__cypress/tests?p=cypress\\e2e\\CRM\\Sidebar_tabs\\Profile\\Meeting_profile.cy.js:205:88)",
                "diff": null
              },
              "uuid": "9b5461f0-aa66-4edd-a972-f0672b4c77e8",
              "parentUUID": "21ace318-e9c3-4c0c-9b3a-bed6e6e68ba2",
              "isHook": false,
              "skipped": false
            },
            {
              "title": "find/change appointment date",
              "fullTitle": "Профили встречь find/change appointment date",
              "timedOut": null,
              "duration": 6991,
              "state": "failed",
              "speed": null,
              "pass": false,
              "fail": true,
              "pending": false,
              "context": null,
              "code": "cy.xpath('//*[@id=\"wrapper\"]/div/div/div[2]/div/form/table/tbody/tr[7]/td[2]/div').should('have.class', 'react-div');\ncy.xpath('//*[@id=\"wrapper\"]/div/div/div[2]/div/form/table/tbody/tr[7]/td[2]/div/i').click({\n  force: true\n});\ncy.xpath('//*[@id=\"wrapper\"]/div/div/div[2]/div/form/table/tbody/tr[7]/td[2]/div/input[1]').clear({\n  force: true\n}).type('10.10.2222 10:10', {\n  force: true\n}).wait(3000).should('have.value', '10.10.2222 10:10');\ncy.xpath('//*[@id=\"wrapper\"]/div/div/div[2]/div/form/div/input[1]').type('12345');\ncy.xpath('//*[@id=\"wrapper\"]/div/div/div[2]/div/form/div/input[2]').click().wait(5000);\ncy.xpath('//*[@id=\"wrapper\"]/div/div/div[2]/div/form/table/tbody/tr[7]/td[2]/div').should('have.contain', '10.10.2222 10:10');",
              "err": {
                "message": "AssertionError: Timed out retrying after 4000ms: Expected to find element: `//*[@id=\"wrapper\"]/div/div/div[2]/div/form/table/tbody/tr[7]/td[2]/div`, but never found it.",
                "estack": "AssertionError: Timed out retrying after 4000ms: Expected to find element: `//*[@id=\"wrapper\"]/div/div/div[2]/div/form/table/tbody/tr[7]/td[2]/div`, but never found it.\n    at Context.eval (https://beta.crm.trueconf.com/__cypress/tests?p=cypress\\e2e\\CRM\\Sidebar_tabs\\Profile\\Meeting_profile.cy.js:218:88)",
                "diff": null
              },
              "uuid": "ecf6fc73-840c-4087-95ed-b0e753392fc8",
              "parentUUID": "21ace318-e9c3-4c0c-9b3a-bed6e6e68ba2",
              "isHook": false,
              "skipped": false
            },
            {
              "title": "add note",
              "fullTitle": "Профили встречь add note",
              "timedOut": null,
              "duration": 3183,
              "state": "failed",
              "speed": null,
              "pass": false,
              "fail": true,
              "pending": false,
              "context": null,
              "code": "cy.xpath('//*[@id=\"wrapper\"]/div/div/div[1]/div[1]/button').click().wait(3000);\ncy.xpath('//*[@id=\"description\"]').click();\ntype('11111');\ncy.xpath('//*[@id=\"form\"]/button').click().wait(3000);\ncy.xpath('//*[@id=\"wrapper\"]/div/div/div[3]/div/ul/li[3]').click();\ncy.xpath('//*[@id=\"notes\"]/div/ul/li/div').should('have.class', 'note');",
              "err": {
                "message": "ReferenceError: type is not defined",
                "estack": "ReferenceError: type is not defined\n    at Context.eval (https://beta.crm.trueconf.com/__cypress/tests?p=cypress\\e2e\\CRM\\Sidebar_tabs\\Profile\\Meeting_profile.cy.js:235:5)",
                "diff": null
              },
              "uuid": "d867ea3f-ff4d-4833-9269-612721e3dcfb",
              "parentUUID": "21ace318-e9c3-4c0c-9b3a-bed6e6e68ba2",
              "isHook": false,
              "skipped": false
            },
            {
              "title": "add user",
              "fullTitle": "Профили встречь add user",
              "timedOut": null,
              "duration": 4277,
              "state": "failed",
              "speed": null,
              "pass": false,
              "fail": true,
              "pending": false,
              "context": null,
              "code": "cy.xpath('//*[@id=\"wrapper\"]/div/div/div[1]/div[2]/button').click().wait(3000);\ncy.xpath('//*[@id=\"user\"]').click();\ntype('Maksim Kuzubov').wait(3000).type('{downarrow}').type('{enter}').should('have.value', 'Maksim Kuzubov');\ncy.xpath('//*[@id=\"comment\"]').click();\ntype('Maksim Kuzubov').wait(3000);\ncy.xpath('//*[@id=\"form\"]/div[2]/button').click().wait(3000);\ncy.xpath('//*[@id=\"wrapper\"]/div/div/div[3]/div/ul/li[2]').click();\ncy.xpath('//*[@id=\"user\"]/tbody/tr[1]').should('have.contain', 'Maksim Kuzubov');",
              "err": {
                "message": "ReferenceError: type is not defined",
                "estack": "ReferenceError: type is not defined\n    at Context.eval (https://beta.crm.trueconf.com/__cypress/tests?p=cypress\\e2e\\CRM\\Sidebar_tabs\\Profile\\Meeting_profile.cy.js:244:5)",
                "diff": null
              },
              "uuid": "02786950-ea51-475f-ab6c-3df5674f540e",
              "parentUUID": "21ace318-e9c3-4c0c-9b3a-bed6e6e68ba2",
              "isHook": false,
              "skipped": false
            },
            {
              "title": "add user",
              "fullTitle": "Профили встречь add user",
              "timedOut": null,
              "duration": 3895,
              "state": "failed",
              "speed": null,
              "pass": false,
              "fail": true,
              "pending": false,
              "context": null,
              "code": "cy.xpath('//*[@id=\"wrapper\"]/div/div/div[1]/div[3]/button').click().wait(3000);\ncy.xpath('//*[@id=\"contact\"]').click();\ntype('Максим Кузубов').wait(3000).type('{downarrow}').type('{enter}').should('have.value', 'Максим Кузубов');\ncy.xpath('//*[@id=\"comment\"]').click();\ntype('Максим Кузубов').wait(3000);\ncy.xpath('//*[@id=\"form\"]/div[2]/button').click().wait(3000);\ncy.xpath('//*[@id=\"wrapper\"]/div/div/div[3]/div/ul/li[1]').click();\ncy.xpath('//*[@id=\"user\"]/tbody/tr[1]').should('have.contain', 'Максим Кузубов');",
              "err": {
                "message": "ReferenceError: type is not defined",
                "estack": "ReferenceError: type is not defined\n    at Context.eval (https://beta.crm.trueconf.com/__cypress/tests?p=cypress\\e2e\\CRM\\Sidebar_tabs\\Profile\\Meeting_profile.cy.js:255:5)",
                "diff": null
              },
              "uuid": "808eebf7-f599-4efa-ae12-2cafc9c71046",
              "parentUUID": "21ace318-e9c3-4c0c-9b3a-bed6e6e68ba2",
              "isHook": false,
              "skipped": false
            }
          ],
          "suites": [],
          "passes": [
            "7f710381-5a14-468c-b8de-d68f3473919d",
            "e5a1aa00-9773-4f92-9a8f-7f4485be1adf"
          ],
          "failures": [
            "665b8f0e-85cf-442c-b0b1-c968655b768f",
            "ed6e4e4b-c095-4c7e-b2dd-5e8bb552ef66",
            "32554e81-293f-4335-8697-7cfbaf696cf0",
            "9b5461f0-aa66-4edd-a972-f0672b4c77e8",
            "ecf6fc73-840c-4087-95ed-b0e753392fc8",
            "d867ea3f-ff4d-4833-9269-612721e3dcfb",
            "02786950-ea51-475f-ab6c-3df5674f540e",
            "808eebf7-f599-4efa-ae12-2cafc9c71046"
          ],
          "pending": [],
          "skipped": [],
          "duration": 80838,
          "root": false,
          "rootEmpty": false,
          "_timeout": 2000
        }
      ],
      "passes": [],
      "failures": [],
      "pending": [],
      "skipped": [],
      "duration": 0,
      "root": true,
      "rootEmpty": true,
      "_timeout": 2000
    }
  ],
  "meta": {
    "mocha": {
      "version": "7.0.1"
    },
    "mochawesome": {
      "options": {
        "quiet": false,
        "reportFilename": "mochawesome",
        "saveHtml": true,
        "saveJson": true,
        "consoleReporter": "spec",
        "useInlineDiffs": false,
        "code": true
      },
      "version": "7.1.3"
    },
    "marge": {
      "options": null,
      "version": "6.2.0"
    }
  }
}